Arguments: 
  /usr/local/bin/node /usr/local/Cellar/yarn/1.10.1/libexec/bin/yarn.js add bootstrap

PATH: 
  /Users/dungkv/Downloads/mongodb/bin:/usr/local/bin:/usr/bin:/bin:/usr/sbin:/sbin:/Applications/VMware Fusion.app/Contents/Public:/Users/dungkv/Downloads/mongodb/bin

Yarn version: 
  1.10.1

Node version: 
  8.11.4

Platform: 
  darwin x64

Trace: 
  Error: https://registry.yarnpkg.com/bcrypt-nodejs: ETIMEDOUT
      at Timeout._onTimeout (/usr/local/Cellar/yarn/1.10.1/libexec/lib/cli.js:120826:19)
      at ontimeout (timers.js:498:11)
      at tryOnTimeout (timers.js:323:5)
      at Timer.listOnTimeout (timers.js:290:5)

npm manifest: 
  {
    "name": "hotgirltk",
    "version": "1.0.0",
    "description": "",
    "main": "app.js",
    "scripts": {
      "test": "echo \"Error: no test specified\" && exit 1"
    },
    "author": "",
    "license": "ISC",
    "dependencies": {
      "bcrypt-nodejs": "0.0.3",
      "body-parser": "^1.18.3",
      "express": "^4.16.3",
      "express-session": "^1.15.6",
      "mongoose": "^5.2.17"
    }
  }

yarn manifest: 
  No manifest

Lockfile: 
  No lockfile
